<?xml version="1.0" encoding="UTF-8"?>
<!-- Generated by org.testng.reporters.JUnitReportReporter -->
<testsuite hostname="Vasu" failures="0" tests="1" name="scripts.fblike" time="149.073" errors="0" timestamp="2022-01-24T17:00:04 IST" skipped="0">
  <testcase classname="scripts.fblike" name="tc2" time="149.073"/>
  <system-out/>
</testsuite> <!-- scripts.fblike -->
