<?xml version="1.0" encoding="UTF-8"?>
<!-- Generated by org.testng.reporters.JUnitReportReporter -->
<testsuite hostname="Vasu" failures="0" tests="1" name="scripts.Addtocart" time="21.986" errors="0" timestamp="2022-01-24T16:30:25 IST" skipped="0">
  <testcase classname="scripts.Addtocart" name="tc1" time="21.986"/>
  <system-out>
    <![CDATA[SkillRary Courses]]>
  </system-out>
</testsuite> <!-- scripts.Addtocart -->
